<?xml version="1.0" encoding="UTF-8"?>
<!-- Generated by org.testng.reporters.JUnitReportReporter -->
<testsuite name="com.cigna.homepage.HomePageHeaderValidation" tests="1" time="53.772" ignored="0" failures="0" timestamp="21 May 2021 02:16:42 GMT" skipped="0" hostname="Lenovo-PC" errors="0">
  <testcase name="homePageHeaderValidation" time="53.772" classname="com.cigna.homepage.HomePageHeaderValidation"/>
</testsuite> <!-- com.cigna.homepage.HomePageHeaderValidation -->
